<?xml version="1.0" encoding="UTF-8"?><testsuite errors="1" failures="0" name="Actualizar una subcategoría" skipped="0" tests="1" time="38.19" timestamp="2026-06-26 07:27:31"><testcase name="Actualizar una subcategoría exitosamente"><error message="no such element: Unable to locate element: {&quot;method&quot;:&quot;xpath&quot;,&quot;selector&quot;:&quot;//input[@placeholder='Buscar']&quot;}&#10;  (Session info: chrome=149.0.7827.115)&#10;For documentation on this error, please visit: https://www.seleniumhq.org/exceptions/no_such_element.html&#10;Build info: version: '3.141.59', revision: 'e82be7d358', time: '2018-11-14T08:17:03'&#10;System info: host: 'ESTEFANIA12', ip: '172.30.128.118', os.name: 'Windows 11', os.arch: 'amd64', os.version: '10.0', java.version: '11.0.31'&#10;Driver info: org.openqa.selenium.chrome.ChromeDriver&#10;Capabilities {acceptInsecureCerts: false, browserName: chrome, browserVersion: 149.0.7827.115, chrome: {chromedriverVersion: 148.0.7778.96 (8625e066febc..., userDataDir: C:\Users\estef\AppData\Loca...}, fedcm:accounts: true, goog:chromeOptions: {debuggerAddress: localhost:61643}, goog:processID: 11536, javascriptEnabled: true, networkConnectionEnabled: false, pageLoadStrategy: normal, platform: WINDOWS, platformName: WINDOWS, proxy: Proxy(), setWindowRect: true, strictFileInteractability: false, timeouts: {implicit: 0, pageLoad: 300000, script: 30000}, unhandledPromptBehavior: ignore, webauthn:extension:credBlob: true, webauthn:extension:largeBlob: true, webauthn:extension:minPinLength: true, webauthn:extension:prf: true, webauthn:virtualAuthenticators: true}&#10;Session ID: 7034f0ec73121c9d0de5b239e083010c&#10;*** Element info: {Using=xpath, value=//input[@placeholder='Buscar']}" type="java.lang.AssertionError">no such element: Unable to locate element: {"method":"xpath","selector":"//input[@placeholder='Buscar']"}
  (Session info: chrome=149.0.7827.115)
For documentation on this error, please visit: https://www.seleniumhq.org/exceptions/no_such_element.html
Build info: version: '3.141.59', revision: 'e82be7d358', time: '2018-11-14T08:17:03'
System info: host: 'ESTEFANIA12', ip: '172.30.128.118', os.name: 'Windows 11', os.arch: 'amd64', os.version: '10.0', java.version: '11.0.31'
Driver info: org.openqa.selenium.chrome.ChromeDriver
Capabilities {acceptInsecureCerts: false, browserName: chrome, browserVersion: 149.0.7827.115, chrome: {chromedriverVersion: 148.0.7778.96 (8625e066febc..., userDataDir: C:\Users\estef\AppData\Loca...}, fedcm:accounts: true, goog:chromeOptions: {debuggerAddress: localhost:61643}, goog:processID: 11536, javascriptEnabled: true, networkConnectionEnabled: false, pageLoadStrategy: normal, platform: WINDOWS, platformName: WINDOWS, proxy: Proxy(), setWindowRect: true, strictFileInteractability: false, timeouts: {implicit: 0, pageLoad: 300000, script: 30000}, unhandledPromptBehavior: ignore, webauthn:extension:credBlob: true, webauthn:extension:largeBlob: true, webauthn:extension:minPinLength: true, webauthn:extension:prf: true, webauthn:virtualAuthenticators: true}
Session ID: 7034f0ec73121c9d0de5b239e083010c
*** Element info: {Using=xpath, value=//input[@placeholder='Buscar']}</error><system-err>no such element: Unable to locate element: {"method":"xpath","selector":"//input[@placeholder='Buscar']"}
  (Session info: chrome=149.0.7827.115)
For documentation on this error, please visit: https://www.seleniumhq.org/exceptions/no_such_element.html
Build info: version: '3.141.59', revision: 'e82be7d358', time: '2018-11-14T08:17:03'
System info: host: 'ESTEFANIA12', ip: '172.30.128.118', os.name: 'Windows 11', os.arch: 'amd64', os.version: '10.0', java.version: '11.0.31'
Driver info: org.openqa.selenium.chrome.ChromeDriver
Capabilities {acceptInsecureCerts: false, browserName: chrome, browserVersion: 149.0.7827.115, chrome: {chromedriverVersion: 148.0.7778.96 (8625e066febc..., userDataDir: C:\Users\estef\AppData\Loca...}, fedcm:accounts: true, goog:chromeOptions: {debuggerAddress: localhost:61643}, goog:processID: 11536, javascriptEnabled: true, networkConnectionEnabled: false, pageLoadStrategy: normal, platform: WINDOWS, platformName: WINDOWS, proxy: Proxy(), setWindowRect: true, strictFileInteractability: false, timeouts: {implicit: 0, pageLoad: 300000, script: 30000}, unhandledPromptBehavior: ignore, webauthn:extension:credBlob: true, webauthn:extension:largeBlob: true, webauthn:extension:minPinLength: true, webauthn:extension:prf: true, webauthn:virtualAuthenticators: true}
Session ID: 7034f0ec73121c9d0de5b239e083010c
*** Element info: {Using=xpath, value=//input[@placeholder='Buscar']}&#13;
co.com.automatizacionAlmasoft.tasks.Admin.SeleccionarSubcategoria.performAs(SeleccionarSubcategoria.java:24)&#13;
co.com.automatizacionAlmasoft.stepsdefinitions.Administrador.EditarSubcategoriaStepDefinitions.seleccioneLaSubcategoriaAActualizar(EditarSubcategoriaStepDefinitions.java:21)&#13;
cucumber.runner.Runner.runPickle(Runner.java:80)&#13;
worker.org.gradle.process.internal.worker.GradleWorkerMain.run(GradleWorkerMain.java:69)&#13;
worker.org.gradle.process.internal.worker.GradleWorkerMain.main(GradleWorkerMain.java:74)&#13;
</system-err></testcase></testsuite>