<?xml version="1.0" encoding="UTF-8"?><testsuite errors="1" failures="0" name="Registro de usuario funerario" skipped="0" tests="1" time="12.82" timestamp="2026-05-08 09:22:06"><testcase name="Registro exitoso de cliente"><error message="Arity mismatch: Step Definition 'co.com.automatizacionAlmasoft.stepsdefinitions.RegistroStepDefinition.elClienteCompletaElFormularioDeRegistro() in file:/C:/Users/fonse/IdeaProjects/Automatizacion%20Almasof/build/classes/java/test/' with pattern [^el cliente completa el formulario de registro$] is declared with 0 parameters. However, the gherkin step has 1 arguments [Table:[[primerNombre, segundoNombre, primerApellido, segundoApellido, direccion, documento, telefono, correo, contrasena, fechaNacimiento], [Juan, Carlos, Perez, Lopez, Calle 123 #45-67, 123456789, 3001234567, juanperez@mail.com, 12345678, 1995-05-10]]]. &#10;Step text: el cliente completa el formulario de registro" type="cucumber.runtime.CucumberException">Arity mismatch: Step Definition 'co.com.automatizacionAlmasoft.stepsdefinitions.RegistroStepDefinition.elClienteCompletaElFormularioDeRegistro() in file:/C:/Users/fonse/IdeaProjects/Automatizacion%20Almasof/build/classes/java/test/' with pattern [^el cliente completa el formulario de registro$] is declared with 0 parameters. However, the gherkin step has 1 arguments [Table:[[primerNombre, segundoNombre, primerApellido, segundoApellido, direccion, documento, telefono, correo, contrasena, fechaNacimiento], [Juan, Carlos, Perez, Lopez, Calle 123 #45-67, 123456789, 3001234567, juanperez@mail.com, 12345678, 1995-05-10]]]. 
Step text: el cliente completa el formulario de registro</error><system-err>Arity mismatch: Step Definition 'co.com.automatizacionAlmasoft.stepsdefinitions.RegistroStepDefinition.elClienteCompletaElFormularioDeRegistro() in file:/C:/Users/fonse/IdeaProjects/Automatizacion%20Almasof/build/classes/java/test/' with pattern [^el cliente completa el formulario de registro$] is declared with 0 parameters. However, the gherkin step has 1 arguments [Table:[[primerNombre, segundoNombre, primerApellido, segundoApellido, direccion, documento, telefono, correo, contrasena, fechaNacimiento], [Juan, Carlos, Perez, Lopez, Calle 123 #45-67, 123456789, 3001234567, juanperez@mail.com, 12345678, 1995-05-10]]]. 
Step text: el cliente completa el formulario de registro&#13;
cucumber.runner.Runner.runPickle(Runner.java:80)&#13;
worker.org.gradle.process.internal.worker.GradleWorkerMain.run(GradleWorkerMain.java:69)&#13;
worker.org.gradle.process.internal.worker.GradleWorkerMain.main(GradleWorkerMain.java:74)&#13;
</system-err></testcase></testsuite>