<?xml version="1.0" encoding="UTF-8"?><testsuite errors="1" failures="0" name="Registro de usuario funerario" skipped="0" tests="1" time="7.88" timestamp="2026-05-07 06:46:36"><testcase name="Registro exitoso de cliente"><error message="The following error occurred: unknown error: net::ERR_CONNECTION_REFUSED&#10;  (Session info: chrome=148.0.7778.97)&#10;Build info: version: '3.141.59', revision: 'e82be7d358', time: '2018-11-14T08:17:03'&#10;System info: host: 'MICHAEL', ip: '127.0.0.1', os.name: 'Windows 11', os.arch: 'amd64', os.version: '10.0', java.version: '11.0.31'&#10;Driver info: org.openqa.selenium.chrome.ChromeDriver&#10;Capabilities {acceptInsecureCerts: false, browserName: chrome, browserVersion: 148.0.7778.97, chrome: {chromedriverVersion: 148.0.7778.96 (8625e066febc..., userDataDir: C:\Users\fonse\AppData\Loca...}, fedcm:accounts: true, goog:chromeOptions: {debuggerAddress: localhost:58585}, goog:processID: 18968, javascriptEnabled: true, networkConnectionEnabled: false, pageLoadStrategy: normal, platform: WINDOWS, platformName: WINDOWS, proxy: Proxy(), setWindowRect: true, strictFileInteractability: false, timeouts: {implicit: 0, pageLoad: 300000, script: 30000}, unhandledPromptBehavior: ignore, webauthn:extension:credBlob: true, webauthn:extension:largeBlob: true, webauthn:extension:minPinLength: true, webauthn:extension:prf: true, webauthn:virtualAuthenticators: true}&#10;Session ID: 0bc8618ae94e483d14baf1e62a57cce6" type="org.openqa.selenium.WebDriverException">The following error occurred: unknown error: net::ERR_CONNECTION_REFUSED
  (Session info: chrome=148.0.7778.97)
Build info: version: '3.141.59', revision: 'e82be7d358', time: '2018-11-14T08:17:03'
System info: host: 'MICHAEL', ip: '127.0.0.1', os.name: 'Windows 11', os.arch: 'amd64', os.version: '10.0', java.version: '11.0.31'
Driver info: org.openqa.selenium.chrome.ChromeDriver
Capabilities {acceptInsecureCerts: false, browserName: chrome, browserVersion: 148.0.7778.97, chrome: {chromedriverVersion: 148.0.7778.96 (8625e066febc..., userDataDir: C:\Users\fonse\AppData\Loca...}, fedcm:accounts: true, goog:chromeOptions: {debuggerAddress: localhost:58585}, goog:processID: 18968, javascriptEnabled: true, networkConnectionEnabled: false, pageLoadStrategy: normal, platform: WINDOWS, platformName: WINDOWS, proxy: Proxy(), setWindowRect: true, strictFileInteractability: false, timeouts: {implicit: 0, pageLoad: 300000, script: 30000}, unhandledPromptBehavior: ignore, webauthn:extension:credBlob: true, webauthn:extension:largeBlob: true, webauthn:extension:minPinLength: true, webauthn:extension:prf: true, webauthn:virtualAuthenticators: true}
Session ID: 0bc8618ae94e483d14baf1e62a57cce6</error><system-err>The following error occurred: unknown error: net::ERR_CONNECTION_REFUSED
  (Session info: chrome=148.0.7778.97)
Build info: version: '3.141.59', revision: 'e82be7d358', time: '2018-11-14T08:17:03'
System info: host: 'MICHAEL', ip: '127.0.0.1', os.name: 'Windows 11', os.arch: 'amd64', os.version: '10.0', java.version: '11.0.31'
Driver info: org.openqa.selenium.chrome.ChromeDriver
Capabilities {acceptInsecureCerts: false, browserName: chrome, browserVersion: 148.0.7778.97, chrome: {chromedriverVersion: 148.0.7778.96 (8625e066febc..., userDataDir: C:\Users\fonse\AppData\Loca...}, fedcm:accounts: true, goog:chromeOptions: {debuggerAddress: localhost:58585}, goog:processID: 18968, javascriptEnabled: true, networkConnectionEnabled: false, pageLoadStrategy: normal, platform: WINDOWS, platformName: WINDOWS, proxy: Proxy(), setWindowRect: true, strictFileInteractability: false, timeouts: {implicit: 0, pageLoad: 300000, script: 30000}, unhandledPromptBehavior: ignore, webauthn:extension:credBlob: true, webauthn:extension:largeBlob: true, webauthn:extension:minPinLength: true, webauthn:extension:prf: true, webauthn:virtualAuthenticators: true}
Session ID: 0bc8618ae94e483d14baf1e62a57cce6&#13;
co.com.automatizacionAlmasoft.tasks.AbrirPagina.performAs(AbrirPagina.java:24)&#13;
co.com.automatizacionAlmasoft.stepsdefinitions.RegistroStepDefinition.queElClienteSeEncuentraEnElModuloDeRegistro(RegistroStepDefinition.java:16)&#13;
cucumber.runner.Runner.runPickle(Runner.java:80)&#13;
worker.org.gradle.process.internal.worker.GradleWorkerMain.run(GradleWorkerMain.java:69)&#13;
worker.org.gradle.process.internal.worker.GradleWorkerMain.main(GradleWorkerMain.java:74)&#13;
</system-err></testcase></testsuite>